Using pre-set license
Built from '2020.3/staging' branch; Version is '2020.3.0f1 (c7b5465681fb) revision 13088070'; Using compiler version '192528614'; Build Type 'Release'
OS: 'Windows 10 Home; OS build 19043.1237; Version 2009; 64bit' Language: 'es' Physical Memory: 32694 MB
BatchMode: 1, IsHumanControllingUs: 0, StartBugReporterOnCrash: 0, Is64bit: 1, IsPro: 0

 COMMAND LINE ARGUMENTS:
D:\Unity\2020.3.0f1\Editor\Unity.exe
-adb2
-batchMode
-noUpm
-name
AssetImportWorker0
-projectPath
D:/U/uniacc/UnityProject/UniaccProgra2021
-logFile
Logs/AssetImportWorker0.log
-srvPort
64711
Successfully changed project path to: D:/U/uniacc/UnityProject/UniaccProgra2021
D:/U/uniacc/UnityProject/UniaccProgra2021
Using Asset Import Pipeline V2.
Refreshing native plugins compatible for Editor in 42.85 ms, found 1 plugins.
Preloading 0 native plugins for Editor in 0.00 ms.
Initialize engine version: 2020.3.0f1 (c7b5465681fb)
[Subsystems] Discovering subsystems at path D:/Unity/2020.3.0f1/Editor/Data/Resources/UnitySubsystems
[Subsystems] Discovering subsystems at path D:/U/uniacc/UnityProject/UniaccProgra2021/Assets
GfxDevice: creating device client; threaded=0
Direct3D:
    Version:  Direct3D 11.0 [level 11.1]
    Renderer: NVIDIA GeForce GTX 1080 Ti (ID=0x1b06)
    Vendor:   
    VRAM:     11127 MB
    Driver:   30.0.14.7212
Initialize mono
Mono path[0] = 'D:/Unity/2020.3.0f1/Editor/Data/Managed'
Mono path[1] = 'D:/Unity/2020.3.0f1/Editor/Data/MonoBleedingEdge/lib/mono/unityjit'
Mono config path = 'D:/Unity/2020.3.0f1/Editor/Data/MonoBleedingEdge/etc'
Using monoOptions --debugger-agent=transport=dt_socket,embedding=1,server=y,suspend=n,address=127.0.0.1:56924
Begin MonoManager ReloadAssembly
Registering precompiled unity dll's ...
Register platform support module: D:/Unity/2020.3.0f1/Editor/Data/PlaybackEngines/WebGLSupport/UnityEditor.WebGL.Extensions.dll
Register platform support module: D:/Unity/2020.3.0f1/Editor/Data/PlaybackEngines/WindowsStandaloneSupport/UnityEditor.WindowsStandalone.Extensions.dll
Registered in 0.001602 seconds.
Native extension for WindowsStandalone target not found
Native extension for WebGL target not found
Refreshing native plugins compatible for Editor in 51.62 ms, found 1 plugins.
Preloading 0 native plugins for Editor in 0.00 ms.
Invoked RoslynAnalysisRunner static constructor.
RoslynAnalysisRunner will not be running.
RoslynAnalysisRunner has terminated.
Mono: successfully reloaded assembly
- Completed reload, in  3.117 seconds
Platform modules already initialized, skipping
Registering precompiled user dll's ...
Registered in 0.001079 seconds.
Begin MonoManager ReloadAssembly
Native extension for WindowsStandalone target not found
Native extension for WebGL target not found
Refreshing native plugins compatible for Editor in 39.86 ms, found 1 plugins.
Preloading 0 native plugins for Editor in 0.00 ms.
Invoked RoslynAnalysisRunner static constructor.
RoslynAnalysisRunner will not be running.
RoslynAnalysisRunner has terminated.
Mono: successfully reloaded assembly
- Completed reload, in  1.012 seconds
Platform modules already initialized, skipping
========================================================================
Worker process is ready to serve import requests
Launched and connected shader compiler UnityShaderCompiler.exe after 0.05 seconds
Refreshing native plugins compatible for Editor in 0.35 ms, found 1 plugins.
Preloading 0 native plugins for Editor in 0.00 ms.
Unloading 1829 Unused Serialized files (Serialized files now loaded: 0)
System memory in use before: 86.7 MB.
System memory in use after: 86.7 MB.

Unloading 24 unused Assets to reduce memory usage. Loaded Objects now: 2274.
Total: 2.358300 ms (FindLiveObjects: 0.208700 ms CreateObjectMapping: 0.102700 ms MarkObjects: 1.911100 ms  DeleteObjects: 0.134900 ms)

========================================================================
Received Import Request.
  path: Assets/Sprites/4.png
  artifactKey: Guid(ce23b8636b9bfa64686ef198d5a39460) Importer(815301076,1909f56bfc062723c751e8b465ee728b)
Start importing Assets/Sprites/4.png using Guid(ce23b8636b9bfa64686ef198d5a39460) Importer(815301076,1909f56bfc062723c751e8b465ee728b)  -> (artifact id: '290b6622b3e444f95d1e16750d0f7307') in 0.595610 seconds
  Import took 0.598773 seconds .

========================================================================
Received Import Request.
  Time since last request: 0.000309 seconds.
  path: Assets/Sprites/6.png
  artifactKey: Guid(cceb7c6b732188146a9633b85a50dfa2) Importer(815301076,1909f56bfc062723c751e8b465ee728b)
Start importing Assets/Sprites/6.png using Guid(cceb7c6b732188146a9633b85a50dfa2) Importer(815301076,1909f56bfc062723c751e8b465ee728b)  -> (artifact id: 'bb65235c521d4624f93b2b2d9ad18549') in 0.014295 seconds
  Import took 0.017511 seconds .

========================================================================
Received Import Request.
  Time since last request: 0.000263 seconds.
  path: Assets/Sprites/5.png
  artifactKey: Guid(4b42085232927fe4bb9486d8327c2966) Importer(815301076,1909f56bfc062723c751e8b465ee728b)
Start importing Assets/Sprites/5.png using Guid(4b42085232927fe4bb9486d8327c2966) Importer(815301076,1909f56bfc062723c751e8b465ee728b)  -> (artifact id: 'cb7f231ccf4a19a89d4d7a4d0d8ddf30') in 0.012785 seconds
  Import took 0.016492 seconds .

========================================================================
Received Import Request.
  Time since last request: 0.108587 seconds.
  path: Assets/Sprites/4.png
  artifactKey: Guid(ce23b8636b9bfa64686ef198d5a39460) Importer(815301076,1909f56bfc062723c751e8b465ee728b)
Start importing Assets/Sprites/4.png using Guid(ce23b8636b9bfa64686ef198d5a39460) Importer(815301076,1909f56bfc062723c751e8b465ee728b)  -> (artifact id: '290b6622b3e444f95d1e16750d0f7307') in 0.011071 seconds
  Import took 0.014515 seconds .

========================================================================
Received Prepare
Registering precompiled user dll's ...
Registered in 0.001646 seconds.
Begin MonoManager ReloadAssembly
Native extension for WindowsStandalone target not found
Native extension for WebGL target not found
Refreshing native plugins compatible for Editor in 0.42 ms, found 1 plugins.
Preloading 0 native plugins for Editor in 0.00 ms.
Invoked RoslynAnalysisRunner static constructor.
RoslynAnalysisRunner will not be running.
RoslynAnalysisRunner has terminated.
Mono: successfully reloaded assembly
- Completed reload, in  0.999 seconds
Platform modules already initialized, skipping
Refreshing native plugins compatible for Editor in 0.40 ms, found 1 plugins.
Preloading 0 native plugins for Editor in 0.00 ms.
Unloading 1812 Unused Serialized files (Serialized files now loaded: 0)
System memory in use before: 88.8 MB.
System memory in use after: 88.8 MB.

Unloading 12 unused Assets to reduce memory usage. Loaded Objects now: 2285.
Total: 2.939100 ms (FindLiveObjects: 1.105300 ms CreateObjectMapping: 0.078700 ms MarkObjects: 1.646800 ms  DeleteObjects: 0.106800 ms)

========================================================================
Received Prepare
Registering precompiled user dll's ...
Registered in 0.001042 seconds.
Begin MonoManager ReloadAssembly
Native extension for WindowsStandalone target not found
Native extension for WebGL target not found
Refreshing native plugins compatible for Editor in 0.40 ms, found 1 plugins.
Preloading 0 native plugins for Editor in 0.00 ms.
Invoked RoslynAnalysisRunner static constructor.
RoslynAnalysisRunner will not be running.
RoslynAnalysisRunner has terminated.
Mono: successfully reloaded assembly
- Completed reload, in  1.008 seconds
Platform modules already initialized, skipping
Refreshing native plugins compatible for Editor in 0.35 ms, found 1 plugins.
Preloading 0 native plugins for Editor in 0.00 ms.
Unloading 1812 Unused Serialized files (Serialized files now loaded: 0)
System memory in use before: 88.8 MB.
System memory in use after: 88.8 MB.

Unloading 12 unused Assets to reduce memory usage. Loaded Objects now: 2289.
Total: 2.640200 ms (FindLiveObjects: 0.221400 ms CreateObjectMapping: 0.102000 ms MarkObjects: 2.175400 ms  DeleteObjects: 0.139900 ms)

========================================================================
Received Prepare
Registering precompiled user dll's ...
Registered in 0.001357 seconds.
Begin MonoManager ReloadAssembly
Native extension for WindowsStandalone target not found
Native extension for WebGL target not found
Refreshing native plugins compatible for Editor in 0.38 ms, found 1 plugins.
Preloading 0 native plugins for Editor in 0.00 ms.
Invoked RoslynAnalysisRunner static constructor.
RoslynAnalysisRunner will not be running.
RoslynAnalysisRunner has terminated.
Mono: successfully reloaded assembly
- Completed reload, in  1.035 seconds
Platform modules already initialized, skipping
Refreshing native plugins compatible for Editor in 0.35 ms, found 1 plugins.
Preloading 0 native plugins for Editor in 0.00 ms.
Unloading 1812 Unused Serialized files (Serialized files now loaded: 0)
System memory in use before: 88.9 MB.
System memory in use after: 88.8 MB.

Unloading 12 unused Assets to reduce memory usage. Loaded Objects now: 2293.
Total: 2.618400 ms (FindLiveObjects: 0.327200 ms CreateObjectMapping: 0.137200 ms MarkObjects: 1.998100 ms  DeleteObjects: 0.153900 ms)

========================================================================
Received Prepare
Registering precompiled user dll's ...
Registered in 0.001046 seconds.
Begin MonoManager ReloadAssembly
Native extension for WindowsStandalone target not found
Native extension for WebGL target not found
Refreshing native plugins compatible for Editor in 0.35 ms, found 1 plugins.
Preloading 0 native plugins for Editor in 0.00 ms.
Invoked RoslynAnalysisRunner static constructor.
RoslynAnalysisRunner will not be running.
RoslynAnalysisRunner has terminated.
Mono: successfully reloaded assembly
- Completed reload, in  1.050 seconds
Platform modules already initialized, skipping
Refreshing native plugins compatible for Editor in 0.36 ms, found 1 plugins.
Preloading 0 native plugins for Editor in 0.00 ms.
Unloading 1813 Unused Serialized files (Serialized files now loaded: 0)
System memory in use before: 88.9 MB.
System memory in use after: 88.9 MB.

Unloading 12 unused Assets to reduce memory usage. Loaded Objects now: 2298.
Total: 3.616700 ms (FindLiveObjects: 0.364900 ms CreateObjectMapping: 0.165400 ms MarkObjects: 2.965000 ms  DeleteObjects: 0.120100 ms)

========================================================================
Received Prepare
Registering precompiled user dll's ...
Registered in 0.001235 seconds.
Begin MonoManager ReloadAssembly
Native extension for WindowsStandalone target not found
Native extension for WebGL target not found
Refreshing native plugins compatible for Editor in 0.38 ms, found 1 plugins.
Preloading 0 native plugins for Editor in 0.00 ms.
Invoked RoslynAnalysisRunner static constructor.
RoslynAnalysisRunner will not be running.
RoslynAnalysisRunner has terminated.
Mono: successfully reloaded assembly
- Completed reload, in  0.993 seconds
Platform modules already initialized, skipping
Refreshing native plugins compatible for Editor in 0.39 ms, found 1 plugins.
Preloading 0 native plugins for Editor in 0.00 ms.
Unloading 1813 Unused Serialized files (Serialized files now loaded: 0)
System memory in use before: 88.9 MB.
System memory in use after: 88.9 MB.

Unloading 12 unused Assets to reduce memory usage. Loaded Objects now: 2302.
Total: 3.488000 ms (FindLiveObjects: 0.306400 ms CreateObjectMapping: 0.131300 ms MarkObjects: 2.902800 ms  DeleteObjects: 0.145600 ms)

========================================================================
Received Prepare
Registering precompiled user dll's ...
Registered in 0.001036 seconds.
Begin MonoManager ReloadAssembly
Native extension for WindowsStandalone target not found
Native extension for WebGL target not found
Refreshing native plugins compatible for Editor in 0.41 ms, found 1 plugins.
Preloading 0 native plugins for Editor in 0.00 ms.
Invoked RoslynAnalysisRunner static constructor.
RoslynAnalysisRunner will not be running.
RoslynAnalysisRunner has terminated.
Mono: successfully reloaded assembly
- Completed reload, in  1.025 seconds
Platform modules already initialized, skipping
Refreshing native plugins compatible for Editor in 0.35 ms, found 1 plugins.
Preloading 0 native plugins for Editor in 0.00 ms.
Unloading 1813 Unused Serialized files (Serialized files now loaded: 0)
System memory in use before: 88.9 MB.
System memory in use after: 88.9 MB.

Unloading 12 unused Assets to reduce memory usage. Loaded Objects now: 2306.
Total: 2.411800 ms (FindLiveObjects: 0.207300 ms CreateObjectMapping: 0.096000 ms MarkObjects: 1.991500 ms  DeleteObjects: 0.115700 ms)

========================================================================
Received Prepare
Registering precompiled user dll's ...
Registered in 0.001050 seconds.
Begin MonoManager ReloadAssembly
Native extension for WindowsStandalone target not found
Native extension for WebGL target not found
Refreshing native plugins compatible for Editor in 0.43 ms, found 1 plugins.
Preloading 0 native plugins for Editor in 0.00 ms.
Invoked RoslynAnalysisRunner static constructor.
RoslynAnalysisRunner will not be running.
RoslynAnalysisRunner has terminated.
Mono: successfully reloaded assembly
- Completed reload, in  0.984 seconds
Platform modules already initialized, skipping
Refreshing native plugins compatible for Editor in 0.41 ms, found 1 plugins.
Preloading 0 native plugins for Editor in 0.00 ms.
Unloading 1813 Unused Serialized files (Serialized files now loaded: 0)
System memory in use before: 88.9 MB.
System memory in use after: 88.9 MB.

Unloading 12 unused Assets to reduce memory usage. Loaded Objects now: 2310.
Total: 2.134100 ms (FindLiveObjects: 0.227700 ms CreateObjectMapping: 0.101800 ms MarkObjects: 1.687500 ms  DeleteObjects: 0.115800 ms)

========================================================================
Received Prepare
Registering precompiled user dll's ...
Registered in 0.001058 seconds.
Begin MonoManager ReloadAssembly
Native extension for WindowsStandalone target not found
Native extension for WebGL target not found
Refreshing native plugins compatible for Editor in 0.36 ms, found 1 plugins.
Preloading 0 native plugins for Editor in 0.00 ms.
Invoked RoslynAnalysisRunner static constructor.
RoslynAnalysisRunner will not be running.
RoslynAnalysisRunner has terminated.
Mono: successfully reloaded assembly
- Completed reload, in  0.976 seconds
Platform modules already initialized, skipping
Refreshing native plugins compatible for Editor in 0.38 ms, found 1 plugins.
Preloading 0 native plugins for Editor in 0.00 ms.
Unloading 1813 Unused Serialized files (Serialized files now loaded: 0)
System memory in use before: 88.9 MB.
System memory in use after: 88.9 MB.

Unloading 12 unused Assets to reduce memory usage. Loaded Objects now: 2314.
Total: 3.617600 ms (FindLiveObjects: 0.364600 ms CreateObjectMapping: 0.147800 ms MarkObjects: 2.923000 ms  DeleteObjects: 0.180200 ms)

========================================================================
Received Prepare
Registering precompiled user dll's ...
Registered in 0.001132 seconds.
Begin MonoManager ReloadAssembly
Native extension for WindowsStandalone target not found
Native extension for WebGL target not found
Refreshing native plugins compatible for Editor in 0.36 ms, found 1 plugins.
Preloading 0 native plugins for Editor in 0.00 ms.
Invoked RoslynAnalysisRunner static constructor.
RoslynAnalysisRunner will not be running.
RoslynAnalysisRunner has terminated.
Mono: successfully reloaded assembly
- Completed reload, in  0.981 seconds
Platform modules already initialized, skipping
Refreshing native plugins compatible for Editor in 0.36 ms, found 1 plugins.
Preloading 0 native plugins for Editor in 0.00 ms.
Unloading 1813 Unused Serialized files (Serialized files now loaded: 0)
System memory in use before: 88.9 MB.
System memory in use after: 88.9 MB.

Unloading 12 unused Assets to reduce memory usage. Loaded Objects now: 2318.
Total: 2.478000 ms (FindLiveObjects: 0.233800 ms CreateObjectMapping: 0.070000 ms MarkObjects: 2.038200 ms  DeleteObjects: 0.134900 ms)

========================================================================
Received Prepare
Registering precompiled user dll's ...
Registered in 0.001093 seconds.
Begin MonoManager ReloadAssembly
Native extension for WindowsStandalone target not found
Native extension for WebGL target not found
Refreshing native plugins compatible for Editor in 0.35 ms, found 1 plugins.
Preloading 0 native plugins for Editor in 0.00 ms.
Invoked RoslynAnalysisRunner static constructor.
RoslynAnalysisRunner will not be running.
RoslynAnalysisRunner has terminated.
Mono: successfully reloaded assembly
- Completed reload, in  0.977 seconds
Platform modules already initialized, skipping
Refreshing native plugins compatible for Editor in 0.36 ms, found 1 plugins.
Preloading 0 native plugins for Editor in 0.00 ms.
Unloading 1813 Unused Serialized files (Serialized files now loaded: 0)
System memory in use before: 89.0 MB.
System memory in use after: 88.9 MB.

Unloading 12 unused Assets to reduce memory usage. Loaded Objects now: 2322.
Total: 2.231500 ms (FindLiveObjects: 0.214900 ms CreateObjectMapping: 0.077000 ms MarkObjects: 1.823800 ms  DeleteObjects: 0.114400 ms)

========================================================================
Received Prepare
Registering precompiled user dll's ...
Registered in 0.001303 seconds.
Begin MonoManager ReloadAssembly
Native extension for WindowsStandalone target not found
Native extension for WebGL target not found
Refreshing native plugins compatible for Editor in 0.36 ms, found 1 plugins.
Preloading 0 native plugins for Editor in 0.00 ms.
Invoked RoslynAnalysisRunner static constructor.
RoslynAnalysisRunner will not be running.
RoslynAnalysisRunner has terminated.
Mono: successfully reloaded assembly
- Completed reload, in  0.997 seconds
Platform modules already initialized, skipping
Refreshing native plugins compatible for Editor in 0.39 ms, found 1 plugins.
Preloading 0 native plugins for Editor in 0.00 ms.
Unloading 1813 Unused Serialized files (Serialized files now loaded: 0)
System memory in use before: 89.0 MB.
System memory in use after: 89.0 MB.

Unloading 12 unused Assets to reduce memory usage. Loaded Objects now: 2326.
Total: 2.420300 ms (FindLiveObjects: 0.289500 ms CreateObjectMapping: 0.135300 ms MarkObjects: 1.877200 ms  DeleteObjects: 0.117300 ms)

========================================================================
Received Prepare
Registering precompiled user dll's ...
Registered in 0.001113 seconds.
Begin MonoManager ReloadAssembly
Native extension for WindowsStandalone target not found
Native extension for WebGL target not found
Refreshing native plugins compatible for Editor in 0.36 ms, found 1 plugins.
Preloading 0 native plugins for Editor in 0.00 ms.
Invoked RoslynAnalysisRunner static constructor.
RoslynAnalysisRunner will not be running.
RoslynAnalysisRunner has terminated.
Mono: successfully reloaded assembly
- Completed reload, in  1.002 seconds
Platform modules already initialized, skipping
Refreshing native plugins compatible for Editor in 0.36 ms, found 1 plugins.
Preloading 0 native plugins for Editor in 0.00 ms.
Unloading 1813 Unused Serialized files (Serialized files now loaded: 0)
System memory in use before: 89.0 MB.
System memory in use after: 89.0 MB.

Unloading 12 unused Assets to reduce memory usage. Loaded Objects now: 2330.
Total: 2.434400 ms (FindLiveObjects: 0.201400 ms CreateObjectMapping: 0.081000 ms MarkObjects: 2.018200 ms  DeleteObjects: 0.132500 ms)

========================================================================
Received Prepare
Registering precompiled user dll's ...
Registered in 0.001101 seconds.
Begin MonoManager ReloadAssembly
Native extension for WindowsStandalone target not found
Native extension for WebGL target not found
Refreshing native plugins compatible for Editor in 0.40 ms, found 1 plugins.
Preloading 0 native plugins for Editor in 0.00 ms.
Invoked RoslynAnalysisRunner static constructor.
RoslynAnalysisRunner will not be running.
RoslynAnalysisRunner has terminated.
Mono: successfully reloaded assembly
- Completed reload, in  0.990 seconds
Platform modules already initialized, skipping
Refreshing native plugins compatible for Editor in 0.38 ms, found 1 plugins.
Preloading 0 native plugins for Editor in 0.00 ms.
Unloading 1813 Unused Serialized files (Serialized files now loaded: 0)
System memory in use before: 89.0 MB.
System memory in use after: 89.0 MB.

Unloading 12 unused Assets to reduce memory usage. Loaded Objects now: 2334.
Total: 2.309700 ms (FindLiveObjects: 0.316200 ms CreateObjectMapping: 0.125200 ms MarkObjects: 1.747400 ms  DeleteObjects: 0.117200 ms)

========================================================================
Received Import Request.
  Time since last request: 2012.340774 seconds.
  path: Assets/Scenes/NovelaVisual.unity
  artifactKey: Guid(36e4240ea39e76b4bb12890bc6d591bf) Importer(815301076,1909f56bfc062723c751e8b465ee728b)
Start importing Assets/Scenes/NovelaVisual.unity using Guid(36e4240ea39e76b4bb12890bc6d591bf) Importer(815301076,1909f56bfc062723c751e8b465ee728b)  -> (artifact id: 'cbd991613f3fb210bbfe683788622c14') in 0.021687 seconds
  Import took 0.026166 seconds .

========================================================================
Received Import Request.
  Time since last request: 9.604014 seconds.
  path: Assets/Sprites/VisualNovel
  artifactKey: Guid(7939f13bf3a600f4da46ac24d005d2b4) Importer(815301076,1909f56bfc062723c751e8b465ee728b)
Start importing Assets/Sprites/VisualNovel using Guid(7939f13bf3a600f4da46ac24d005d2b4) Importer(815301076,1909f56bfc062723c751e8b465ee728b)  -> (artifact id: '672effc6bfc39886169dc71521627eea') in 0.006298 seconds
  Import took 0.009785 seconds .

========================================================================
Received Import Request.
  Time since last request: 6.488322 seconds.
  path: Assets/Sprites/VisualNovel/Boy01_Angry.png
  artifactKey: Guid(2da5bb8462beded48a4219b195e19df1) Importer(815301076,1909f56bfc062723c751e8b465ee728b)
Start importing Assets/Sprites/VisualNovel/Boy01_Angry.png using Guid(2da5bb8462beded48a4219b195e19df1) Importer(815301076,1909f56bfc062723c751e8b465ee728b)  -> (artifact id: '1133bcff7e78cb5d279d2ed16ef9992d') in 0.054490 seconds
  Import took 0.057642 seconds .

========================================================================
Received Import Request.
  Time since last request: 0.000246 seconds.
  path: Assets/Sprites/VisualNovel/Boy01_Happy.png
  artifactKey: Guid(5fc697edc08c9ac49b516db4f2e6831d) Importer(815301076,1909f56bfc062723c751e8b465ee728b)
Start importing Assets/Sprites/VisualNovel/Boy01_Happy.png using Guid(5fc697edc08c9ac49b516db4f2e6831d) Importer(815301076,1909f56bfc062723c751e8b465ee728b)  -> (artifact id: '8234332bd79431568f5947a5ba2278ee') in 0.012417 seconds
  Import took 0.015416 seconds .

========================================================================
Received Import Request.
  Time since last request: 0.000237 seconds.
  path: Assets/Sprites/VisualNovel/Boy01_Shadow.png
  artifactKey: Guid(f46a2e3710a6ef44f8aedd5dcc090470) Importer(815301076,1909f56bfc062723c751e8b465ee728b)
Start importing Assets/Sprites/VisualNovel/Boy01_Shadow.png using Guid(f46a2e3710a6ef44f8aedd5dcc090470) Importer(815301076,1909f56bfc062723c751e8b465ee728b)  -> (artifact id: '771089004918da69fc6f4a934613eed8') in 0.011465 seconds
  Import took 0.015028 seconds .

========================================================================
Received Import Request.
  Time since last request: 0.000254 seconds.
  path: Assets/Sprites/VisualNovel/Boy01_Surprised.png
  artifactKey: Guid(118a2a8934cdc73499415d4592b6d7ec) Importer(815301076,1909f56bfc062723c751e8b465ee728b)
Start importing Assets/Sprites/VisualNovel/Boy01_Surprised.png using Guid(118a2a8934cdc73499415d4592b6d7ec) Importer(815301076,1909f56bfc062723c751e8b465ee728b)  -> (artifact id: '1fb0186588681a474caa251fcc7868de') in 0.012599 seconds
  Import took 0.015858 seconds .

========================================================================
Received Import Request.
  Time since last request: 0.000273 seconds.
  path: Assets/Sprites/VisualNovel/Boy01_Sad.png
  artifactKey: Guid(dc26bc0e4a2de4b41927955e95291cc2) Importer(815301076,1909f56bfc062723c751e8b465ee728b)
Start importing Assets/Sprites/VisualNovel/Boy01_Sad.png using Guid(dc26bc0e4a2de4b41927955e95291cc2) Importer(815301076,1909f56bfc062723c751e8b465ee728b)  -> (artifact id: '75ce04b57d4ec578e984fa1dead07971') in 0.011947 seconds
  Import took 0.014972 seconds .

========================================================================
Received Import Request.
  Time since last request: 0.000256 seconds.
  path: Assets/Sprites/VisualNovel/Boy01_Embarassed.png
  artifactKey: Guid(7808238fc02cf534cab20f67dfcba811) Importer(815301076,1909f56bfc062723c751e8b465ee728b)
Start importing Assets/Sprites/VisualNovel/Boy01_Embarassed.png using Guid(7808238fc02cf534cab20f67dfcba811) Importer(815301076,1909f56bfc062723c751e8b465ee728b)  -> (artifact id: '82cba87d3aaa688a4e932863b874f8b9') in 0.013043 seconds
  Import took 0.016444 seconds .

========================================================================
Received Import Request.
  Time since last request: 0.000279 seconds.
  path: Assets/Sprites/VisualNovel/Boy01_Normal.png
  artifactKey: Guid(744e1f9ad39358f4aa8c5139e98f90fc) Importer(815301076,1909f56bfc062723c751e8b465ee728b)
Start importing Assets/Sprites/VisualNovel/Boy01_Normal.png using Guid(744e1f9ad39358f4aa8c5139e98f90fc) Importer(815301076,1909f56bfc062723c751e8b465ee728b)  -> (artifact id: '919e2daa7f19006c93eb27cf0ede4994') in 0.014234 seconds
  Import took 0.017796 seconds .

========================================================================
Received Import Request.
  Time since last request: 4.146250 seconds.
  path: Assets/Sprites/VisualNovel/Boy
  artifactKey: Guid(a894dedc0ec9c8d44a1de83cfd09f3f3) Importer(815301076,1909f56bfc062723c751e8b465ee728b)
Start importing Assets/Sprites/VisualNovel/Boy using Guid(a894dedc0ec9c8d44a1de83cfd09f3f3) Importer(815301076,1909f56bfc062723c751e8b465ee728b)  -> (artifact id: '2761ca25215b74b83775e6a166bd32b9') in 0.006742 seconds
  Import took 0.010917 seconds .

========================================================================
Received Import Request.
  Time since last request: 78.365618 seconds.
  path: Assets/Sprites/VisualNovel/Girl05
  artifactKey: Guid(b0d9be8fc07b07f43af079a08d96ee63) Importer(815301076,1909f56bfc062723c751e8b465ee728b)
Start importing Assets/Sprites/VisualNovel/Girl05 using Guid(b0d9be8fc07b07f43af079a08d96ee63) Importer(815301076,1909f56bfc062723c751e8b465ee728b)  -> (artifact id: '8ce495aa339283e184891cf24630df91') in 0.006319 seconds
  Import took 0.009403 seconds .

========================================================================
Received Import Request.
  Time since last request: 0.041071 seconds.
  path: Assets/Sprites/VisualNovel/Girl05/Girl05_Angry.png
  artifactKey: Guid(ee19feba7f1e8ff4ea6e62cfcf271685) Importer(815301076,1909f56bfc062723c751e8b465ee728b)
Start importing Assets/Sprites/VisualNovel/Girl05/Girl05_Angry.png using Guid(ee19feba7f1e8ff4ea6e62cfcf271685) Importer(815301076,1909f56bfc062723c751e8b465ee728b)  -> (artifact id: 'dd1dc01a88e587d8ebadc25ae8db95e2') in 0.014278 seconds
  Import took 0.017460 seconds .

========================================================================
Received Import Request.
  Time since last request: 0.000301 seconds.
  path: Assets/Sprites/VisualNovel/Girl05/Girl05_Shadowcheeks.png
  artifactKey: Guid(c3f4a90783f0cf748b5ff76242325d33) Importer(815301076,1909f56bfc062723c751e8b465ee728b)
Start importing Assets/Sprites/VisualNovel/Girl05/Girl05_Shadowcheeks.png using Guid(c3f4a90783f0cf748b5ff76242325d33) Importer(815301076,1909f56bfc062723c751e8b465ee728b)  -> (artifact id: '08408cb7f3a48ab995036d6422e5fffb') in 0.014361 seconds
  Import took 0.017663 seconds .

========================================================================
Received Import Request.
  Time since last request: 0.000298 seconds.
  path: Assets/Sprites/VisualNovel/Girl05/Girl05_Sadcheeks.png
  artifactKey: Guid(aa128e9b717e38942813256b9c040bbc) Importer(815301076,1909f56bfc062723c751e8b465ee728b)
Start importing Assets/Sprites/VisualNovel/Girl05/Girl05_Sadcheeks.png using Guid(aa128e9b717e38942813256b9c040bbc) Importer(815301076,1909f56bfc062723c751e8b465ee728b)  -> (artifact id: '04b80e6a2b913c01384fc777749b11e9') in 0.017305 seconds
  Import took 0.020682 seconds .

========================================================================
Received Import Request.
  Time since last request: 0.000230 seconds.
  path: Assets/Sprites/VisualNovel/Girl05/Girl05_Angrycheeks.png
  artifactKey: Guid(994003e7504da714998e3bd0b296073e) Importer(815301076,1909f56bfc062723c751e8b465ee728b)
Start importing Assets/Sprites/VisualNovel/Girl05/Girl05_Angrycheeks.png using Guid(994003e7504da714998e3bd0b296073e) Importer(815301076,1909f56bfc062723c751e8b465ee728b)  -> (artifact id: '10c67268e501d3ffd253a60a4aff7e00') in 0.014942 seconds
  Import took 0.018625 seconds .

========================================================================
Received Import Request.
  Time since last request: 0.000274 seconds.
  path: Assets/Sprites/VisualNovel/Girl05/Girl05_Happy.png
  artifactKey: Guid(55462292e6b98ba4cbb0997d7229c16c) Importer(815301076,1909f56bfc062723c751e8b465ee728b)
Start importing Assets/Sprites/VisualNovel/Girl05/Girl05_Happy.png using Guid(55462292e6b98ba4cbb0997d7229c16c) Importer(815301076,1909f56bfc062723c751e8b465ee728b)  -> (artifact id: '4dc0b24f19e8c6a85dd1fec49909f166') in 0.014188 seconds
  Import took 0.017459 seconds .

========================================================================
Received Import Request.
  Time since last request: 0.000242 seconds.
  path: Assets/Sprites/VisualNovel/Girl05/Girl05_Surprised.png
  artifactKey: Guid(52fb2b63208756b4d89c799b35b4cd22) Importer(815301076,1909f56bfc062723c751e8b465ee728b)
Start importing Assets/Sprites/VisualNovel/Girl05/Girl05_Surprised.png using Guid(52fb2b63208756b4d89c799b35b4cd22) Importer(815301076,1909f56bfc062723c751e8b465ee728b)  -> (artifact id: 'bdf07c3d0994f494fa64be99ea9a9878') in 0.014862 seconds
  Import took 0.018659 seconds .

========================================================================
Received Import Request.
  Time since last request: 0.000315 seconds.
  path: Assets/Sprites/VisualNovel/Girl05/Girl05_Embarassedcheeks.png
  artifactKey: Guid(0e239aa5304c06c4fa6d3382ab59eed6) Importer(815301076,1909f56bfc062723c751e8b465ee728b)
Start importing Assets/Sprites/VisualNovel/Girl05/Girl05_Embarassedcheeks.png using Guid(0e239aa5304c06c4fa6d3382ab59eed6) Importer(815301076,1909f56bfc062723c751e8b465ee728b)  -> (artifact id: 'c2263425a499da5526e5e5d13b12fcd2') in 0.013265 seconds
  Import took 0.017060 seconds .

========================================================================
Received Import Request.
  Time since last request: 0.000255 seconds.
  path: Assets/Sprites/VisualNovel/Girl05/Girl05_Embarassed.png
  artifactKey: Guid(55534969ba7196f4f9f4cd04537ade46) Importer(815301076,1909f56bfc062723c751e8b465ee728b)
Start importing Assets/Sprites/VisualNovel/Girl05/Girl05_Embarassed.png using Guid(55534969ba7196f4f9f4cd04537ade46) Importer(815301076,1909f56bfc062723c751e8b465ee728b)  -> (artifact id: '697351d76e7b7b046c5824222b2cd65d') in 0.013739 seconds
  Import took 0.016959 seconds .

========================================================================
Received Import Request.
  Time since last request: 0.000258 seconds.
  path: Assets/Sprites/VisualNovel/Girl05/Girl05_Happycheeks.png
  artifactKey: Guid(62335adc7a160db4887249d467a4a1c4) Importer(815301076,1909f56bfc062723c751e8b465ee728b)
Start importing Assets/Sprites/VisualNovel/Girl05/Girl05_Happycheeks.png using Guid(62335adc7a160db4887249d467a4a1c4) Importer(815301076,1909f56bfc062723c751e8b465ee728b)  -> (artifact id: 'bed198efcf0727f01a37b7e5ef056466') in 0.013620 seconds
  Import took 0.016928 seconds .

========================================================================
Received Import Request.
  Time since last request: 0.000279 seconds.
  path: Assets/Sprites/VisualNovel/Girl05/Girl05_Normal.png
  artifactKey: Guid(1699247c85698724ca2ea631bfbfea03) Importer(815301076,1909f56bfc062723c751e8b465ee728b)
Start importing Assets/Sprites/VisualNovel/Girl05/Girl05_Normal.png using Guid(1699247c85698724ca2ea631bfbfea03) Importer(815301076,1909f56bfc062723c751e8b465ee728b)  -> (artifact id: '2c67007ff302006f45d46bff92d5bdda') in 0.016151 seconds
  Import took 0.019706 seconds .

========================================================================
Received Import Request.
  Time since last request: 0.000250 seconds.
  path: Assets/Sprites/VisualNovel/Girl05/Girl05_Surprisedcheeks.png
  artifactKey: Guid(c80eab723670aa84d8eb07e5c642da87) Importer(815301076,1909f56bfc062723c751e8b465ee728b)
Start importing Assets/Sprites/VisualNovel/Girl05/Girl05_Surprisedcheeks.png using Guid(c80eab723670aa84d8eb07e5c642da87) Importer(815301076,1909f56bfc062723c751e8b465ee728b)  -> (artifact id: '222fb0f7dfe7276c6bcdcad0193af77f') in 0.014427 seconds
  Import took 0.017937 seconds .

========================================================================
Received Import Request.
  Time since last request: 0.000270 seconds.
  path: Assets/Sprites/VisualNovel/Girl05/Girl05_Normalcheeks.png
  artifactKey: Guid(b4fa8f44791a2114ebdfa08a0a7362c7) Importer(815301076,1909f56bfc062723c751e8b465ee728b)
Start importing Assets/Sprites/VisualNovel/Girl05/Girl05_Normalcheeks.png using Guid(b4fa8f44791a2114ebdfa08a0a7362c7) Importer(815301076,1909f56bfc062723c751e8b465ee728b)  -> (artifact id: 'a99eac2f1e2ab132bc4d537e100ae590') in 0.019144 seconds
  Import took 0.024080 seconds .

========================================================================
Received Import Request.
  Time since last request: 0.000246 seconds.
  path: Assets/Sprites/VisualNovel/Girl05/Girl05_Sad.png
  artifactKey: Guid(f7feb1403f61563449b8eb38217add2e) Importer(815301076,1909f56bfc062723c751e8b465ee728b)
Start importing Assets/Sprites/VisualNovel/Girl05/Girl05_Sad.png using Guid(f7feb1403f61563449b8eb38217add2e) Importer(815301076,1909f56bfc062723c751e8b465ee728b)  -> (artifact id: '4550d165c47c13dbd57b71b402be7dec') in 0.013321 seconds
  Import took 0.016794 seconds .

========================================================================
Received Import Request.
  Time since last request: 0.000237 seconds.
  path: Assets/Sprites/VisualNovel/Girl05/Girl05_Shadow.png
  artifactKey: Guid(4dc5d22fee645c14e83df66876e6bc03) Importer(815301076,1909f56bfc062723c751e8b465ee728b)
Start importing Assets/Sprites/VisualNovel/Girl05/Girl05_Shadow.png using Guid(4dc5d22fee645c14e83df66876e6bc03) Importer(815301076,1909f56bfc062723c751e8b465ee728b)  -> (artifact id: '7e18c449c4bc893e80c51878741105a9') in 0.013222 seconds
  Import took 0.017191 seconds .

========================================================================
Received Prepare
Registering precompiled user dll's ...
Registered in 0.001069 seconds.
Begin MonoManager ReloadAssembly
Native extension for WindowsStandalone target not found
Native extension for WebGL target not found
Refreshing native plugins compatible for Editor in 0.37 ms, found 1 plugins.
Preloading 0 native plugins for Editor in 0.00 ms.
Invoked RoslynAnalysisRunner static constructor.
RoslynAnalysisRunner will not be running.
RoslynAnalysisRunner has terminated.
Mono: successfully reloaded assembly
- Completed reload, in  0.997 seconds
Platform modules already initialized, skipping
Refreshing native plugins compatible for Editor in 0.35 ms, found 1 plugins.
Preloading 0 native plugins for Editor in 0.00 ms.
Unloading 1814 Unused Serialized files (Serialized files now loaded: 0)
System memory in use before: 89.0 MB.
System memory in use after: 89.0 MB.

Unloading 12 unused Assets to reduce memory usage. Loaded Objects now: 2342.
Total: 2.177800 ms (FindLiveObjects: 0.183100 ms CreateObjectMapping: 0.073800 ms MarkObjects: 1.812100 ms  DeleteObjects: 0.108000 ms)

========================================================================
Received Prepare
Registering precompiled user dll's ...
Registered in 0.002509 seconds.
Begin MonoManager ReloadAssembly
Native extension for WindowsStandalone target not found
Native extension for WebGL target not found
Refreshing native plugins compatible for Editor in 0.40 ms, found 1 plugins.
Preloading 0 native plugins for Editor in 0.00 ms.
Invoked RoslynAnalysisRunner static constructor.
RoslynAnalysisRunner will not be running.
RoslynAnalysisRunner has terminated.
Mono: successfully reloaded assembly
- Completed reload, in  1.184 seconds
Platform modules already initialized, skipping
Refreshing native plugins compatible for Editor in 0.41 ms, found 1 plugins.
Preloading 0 native plugins for Editor in 0.00 ms.
Unloading 1825 Unused Serialized files (Serialized files now loaded: 0)
System memory in use before: 89.5 MB.
System memory in use after: 89.4 MB.

Unloading 15 unused Assets to reduce memory usage. Loaded Objects now: 2360.
Total: 2.633300 ms (FindLiveObjects: 0.366800 ms CreateObjectMapping: 0.117900 ms MarkObjects: 2.025400 ms  DeleteObjects: 0.121500 ms)

========================================================================
Received Prepare
Registering precompiled user dll's ...
Registered in 0.003028 seconds.
Begin MonoManager ReloadAssembly
Native extension for WindowsStandalone target not found
Native extension for WebGL target not found
Refreshing native plugins compatible for Editor in 0.50 ms, found 1 plugins.
Preloading 0 native plugins for Editor in 0.00 ms.
Invoked RoslynAnalysisRunner static constructor.
RoslynAnalysisRunner will not be running.
RoslynAnalysisRunner has terminated.
Mono: successfully reloaded assembly
- Completed reload, in  0.951 seconds
Platform modules already initialized, skipping
Refreshing native plugins compatible for Editor in 0.38 ms, found 1 plugins.
Preloading 0 native plugins for Editor in 0.00 ms.
Unloading 1825 Unused Serialized files (Serialized files now loaded: 0)
System memory in use before: 89.5 MB.
System memory in use after: 89.5 MB.

Unloading 15 unused Assets to reduce memory usage. Loaded Objects now: 2364.
Total: 2.153100 ms (FindLiveObjects: 0.188600 ms CreateObjectMapping: 0.076500 ms MarkObjects: 1.770300 ms  DeleteObjects: 0.116900 ms)

========================================================================
Received Prepare
Registering precompiled user dll's ...
Registered in 0.002745 seconds.
Begin MonoManager ReloadAssembly
Native extension for WindowsStandalone target not found
Native extension for WebGL target not found
Refreshing native plugins compatible for Editor in 0.40 ms, found 1 plugins.
Preloading 0 native plugins for Editor in 0.00 ms.
Invoked RoslynAnalysisRunner static constructor.
RoslynAnalysisRunner will not be running.
RoslynAnalysisRunner has terminated.
Mono: successfully reloaded assembly
- Completed reload, in  1.050 seconds
Platform modules already initialized, skipping
Refreshing native plugins compatible for Editor in 0.36 ms, found 1 plugins.
Preloading 0 native plugins for Editor in 0.00 ms.
Unloading 1824 Unused Serialized files (Serialized files now loaded: 0)
System memory in use before: 89.4 MB.
System memory in use after: 89.4 MB.

Unloading 14 unused Assets to reduce memory usage. Loaded Objects now: 2368.
Total: 2.197900 ms (FindLiveObjects: 0.216300 ms CreateObjectMapping: 0.092500 ms MarkObjects: 1.776100 ms  DeleteObjects: 0.111900 ms)

========================================================================
Received Prepare
Registering precompiled user dll's ...
Registered in 0.002084 seconds.
Begin MonoManager ReloadAssembly
Native extension for WindowsStandalone target not found
Native extension for WebGL target not found
Refreshing native plugins compatible for Editor in 0.37 ms, found 1 plugins.
Preloading 0 native plugins for Editor in 0.00 ms.
Invoked RoslynAnalysisRunner static constructor.
RoslynAnalysisRunner will not be running.
RoslynAnalysisRunner has terminated.
Mono: successfully reloaded assembly
- Completed reload, in  1.013 seconds
Platform modules already initialized, skipping
Refreshing native plugins compatible for Editor in 0.37 ms, found 1 plugins.
Preloading 0 native plugins for Editor in 0.00 ms.
Unloading 1824 Unused Serialized files (Serialized files now loaded: 0)
System memory in use before: 89.4 MB.
System memory in use after: 89.4 MB.

Unloading 14 unused Assets to reduce memory usage. Loaded Objects now: 2372.
Total: 2.130000 ms (FindLiveObjects: 0.211100 ms CreateObjectMapping: 0.099600 ms MarkObjects: 1.704300 ms  DeleteObjects: 0.113900 ms)

========================================================================
Received Prepare
Registering precompiled user dll's ...
Registered in 0.002080 seconds.
Begin MonoManager ReloadAssembly
Native extension for WindowsStandalone target not found
Native extension for WebGL target not found
Refreshing native plugins compatible for Editor in 0.35 ms, found 1 plugins.
Preloading 0 native plugins for Editor in 0.00 ms.
Invoked RoslynAnalysisRunner static constructor.
RoslynAnalysisRunner will not be running.
RoslynAnalysisRunner has terminated.
Mono: successfully reloaded assembly
- Completed reload, in  0.953 seconds
Platform modules already initialized, skipping
Refreshing native plugins compatible for Editor in 0.40 ms, found 1 plugins.
Preloading 0 native plugins for Editor in 0.00 ms.
Unloading 1824 Unused Serialized files (Serialized files now loaded: 0)
System memory in use before: 89.5 MB.
System memory in use after: 89.5 MB.

Unloading 14 unused Assets to reduce memory usage. Loaded Objects now: 2376.
Total: 2.268600 ms (FindLiveObjects: 0.171900 ms CreateObjectMapping: 0.067000 ms MarkObjects: 1.922000 ms  DeleteObjects: 0.106500 ms)

========================================================================
Received Import Request.
  Time since last request: 665.379378 seconds.
  path: Assets/Sprites/SF_Building.png
  artifactKey: Guid(811eca591b85ae840bc71b30679d2a6c) Importer(815301076,1909f56bfc062723c751e8b465ee728b)
Start importing Assets/Sprites/SF_Building.png using Guid(811eca591b85ae840bc71b30679d2a6c) Importer(815301076,1909f56bfc062723c751e8b465ee728b)  -> (artifact id: '8e6ee46ecba0441c0cf7eee33cfcc9af') in 0.077494 seconds
  Import took 0.081240 seconds .

========================================================================
Received Prepare
Registering precompiled user dll's ...
Registered in 0.002037 seconds.
Begin MonoManager ReloadAssembly
Native extension for WindowsStandalone target not found
Native extension for WebGL target not found
Refreshing native plugins compatible for Editor in 0.40 ms, found 1 plugins.
Preloading 0 native plugins for Editor in 0.00 ms.
Invoked RoslynAnalysisRunner static constructor.
RoslynAnalysisRunner will not be running.
RoslynAnalysisRunner has terminated.
Mono: successfully reloaded assembly
- Completed reload, in  1.015 seconds
Platform modules already initialized, skipping
Refreshing native plugins compatible for Editor in 0.39 ms, found 1 plugins.
Preloading 0 native plugins for Editor in 0.00 ms.
Unloading 1824 Unused Serialized files (Serialized files now loaded: 0)
System memory in use before: 89.5 MB.
System memory in use after: 89.5 MB.

Unloading 14 unused Assets to reduce memory usage. Loaded Objects now: 2383.
Total: 2.263400 ms (FindLiveObjects: 0.266700 ms CreateObjectMapping: 0.083900 ms MarkObjects: 1.796600 ms  DeleteObjects: 0.115100 ms)

========================================================================
Received Prepare
Registering precompiled user dll's ...
Registered in 0.002040 seconds.
Begin MonoManager ReloadAssembly
Native extension for WindowsStandalone target not found
Native extension for WebGL target not found
Refreshing native plugins compatible for Editor in 0.38 ms, found 1 plugins.
Preloading 0 native plugins for Editor in 0.00 ms.
Invoked RoslynAnalysisRunner static constructor.
RoslynAnalysisRunner will not be running.
RoslynAnalysisRunner has terminated.
Mono: successfully reloaded assembly
- Completed reload, in  0.961 seconds
Platform modules already initialized, skipping
Refreshing native plugins compatible for Editor in 0.39 ms, found 1 plugins.
Preloading 0 native plugins for Editor in 0.00 ms.
Unloading 1824 Unused Serialized files (Serialized files now loaded: 0)
System memory in use before: 89.5 MB.
System memory in use after: 89.5 MB.

Unloading 14 unused Assets to reduce memory usage. Loaded Objects now: 2387.
Total: 2.175000 ms (FindLiveObjects: 0.213400 ms CreateObjectMapping: 0.080200 ms MarkObjects: 1.773900 ms  DeleteObjects: 0.106500 ms)

========================================================================
Received Prepare
Registering precompiled user dll's ...
Registered in 0.002692 seconds.
Begin MonoManager ReloadAssembly
Native extension for WindowsStandalone target not found
Native extension for WebGL target not found
Refreshing native plugins compatible for Editor in 0.38 ms, found 1 plugins.
Preloading 0 native plugins for Editor in 0.00 ms.
Invoked RoslynAnalysisRunner static constructor.
RoslynAnalysisRunner will not be running.
RoslynAnalysisRunner has terminated.
Mono: successfully reloaded assembly
- Completed reload, in  1.008 seconds
Platform modules already initialized, skipping
Refreshing native plugins compatible for Editor in 0.38 ms, found 1 plugins.
Preloading 0 native plugins for Editor in 0.00 ms.
Unloading 1824 Unused Serialized files (Serialized files now loaded: 0)
System memory in use before: 89.5 MB.
System memory in use after: 89.5 MB.

Unloading 14 unused Assets to reduce memory usage. Loaded Objects now: 2391.
Total: 2.489300 ms (FindLiveObjects: 0.331900 ms CreateObjectMapping: 0.106000 ms MarkObjects: 1.934300 ms  DeleteObjects: 0.115500 ms)

========================================================================
Received Prepare
Registering precompiled user dll's ...
Registered in 0.003216 seconds.
Begin MonoManager ReloadAssembly
Native extension for WindowsStandalone target not found
Native extension for WebGL target not found
Refreshing native plugins compatible for Editor in 0.37 ms, found 1 plugins.
Preloading 0 native plugins for Editor in 0.00 ms.
Invoked RoslynAnalysisRunner static constructor.
RoslynAnalysisRunner will not be running.
RoslynAnalysisRunner has terminated.
Mono: successfully reloaded assembly
- Completed reload, in  1.005 seconds
Platform modules already initialized, skipping
Refreshing native plugins compatible for Editor in 0.39 ms, found 1 plugins.
Preloading 0 native plugins for Editor in 0.00 ms.
Unloading 1824 Unused Serialized files (Serialized files now loaded: 0)
System memory in use before: 89.5 MB.
System memory in use after: 89.5 MB.

Unloading 14 unused Assets to reduce memory usage. Loaded Objects now: 2395.
Total: 2.399800 ms (FindLiveObjects: 0.248600 ms CreateObjectMapping: 0.126600 ms MarkObjects: 1.908300 ms  DeleteObjects: 0.114900 ms)

========================================================================
Received Prepare
Registering precompiled user dll's ...
Registered in 0.001957 seconds.
Begin MonoManager ReloadAssembly
Native extension for WindowsStandalone target not found
Native extension for WebGL target not found
Refreshing native plugins compatible for Editor in 0.39 ms, found 1 plugins.
Preloading 0 native plugins for Editor in 0.00 ms.
Invoked RoslynAnalysisRunner static constructor.
RoslynAnalysisRunner will not be running.
RoslynAnalysisRunner has terminated.
Mono: successfully reloaded assembly
- Completed reload, in  0.993 seconds
Platform modules already initialized, skipping
Refreshing native plugins compatible for Editor in 0.36 ms, found 1 plugins.
Preloading 0 native plugins for Editor in 0.00 ms.
Unloading 1824 Unused Serialized files (Serialized files now loaded: 0)
System memory in use before: 89.5 MB.
System memory in use after: 89.5 MB.

Unloading 14 unused Assets to reduce memory usage. Loaded Objects now: 2399.
Total: 2.062000 ms (FindLiveObjects: 0.179500 ms CreateObjectMapping: 0.073900 ms MarkObjects: 1.709600 ms  DeleteObjects: 0.098200 ms)

========================================================================
Received Prepare
Registering precompiled user dll's ...
Registered in 0.001985 seconds.
Begin MonoManager ReloadAssembly
Native extension for WindowsStandalone target not found
Native extension for WebGL target not found
Refreshing native plugins compatible for Editor in 0.37 ms, found 1 plugins.
Preloading 0 native plugins for Editor in 0.00 ms.
Invoked RoslynAnalysisRunner static constructor.
RoslynAnalysisRunner will not be running.
RoslynAnalysisRunner has terminated.
Mono: successfully reloaded assembly
- Completed reload, in  0.970 seconds
Platform modules already initialized, skipping
Refreshing native plugins compatible for Editor in 0.46 ms, found 1 plugins.
Preloading 0 native plugins for Editor in 0.00 ms.
Unloading 1824 Unused Serialized files (Serialized files now loaded: 0)
System memory in use before: 89.5 MB.
System memory in use after: 89.5 MB.

Unloading 14 unused Assets to reduce memory usage. Loaded Objects now: 2403.
Total: 2.428300 ms (FindLiveObjects: 0.379100 ms CreateObjectMapping: 0.167500 ms MarkObjects: 1.753600 ms  DeleteObjects: 0.123300 ms)

========================================================================
Received Prepare
Registering precompiled user dll's ...
Registered in 0.002427 seconds.
Begin MonoManager ReloadAssembly
Native extension for WindowsStandalone target not found
Native extension for WebGL target not found
Refreshing native plugins compatible for Editor in 0.48 ms, found 1 plugins.
Preloading 0 native plugins for Editor in 0.00 ms.
Invoked RoslynAnalysisRunner static constructor.
RoslynAnalysisRunner will not be running.
RoslynAnalysisRunner has terminated.
Mono: successfully reloaded assembly
- Completed reload, in  1.138 seconds
Platform modules already initialized, skipping
Refreshing native plugins compatible for Editor in 0.45 ms, found 1 plugins.
Preloading 0 native plugins for Editor in 0.00 ms.
Unloading 1824 Unused Serialized files (Serialized files now loaded: 0)
System memory in use before: 89.5 MB.
System memory in use after: 89.5 MB.

Unloading 14 unused Assets to reduce memory usage. Loaded Objects now: 2407.
Total: 2.945600 ms (FindLiveObjects: 0.286700 ms CreateObjectMapping: 0.166300 ms MarkObjects: 2.340900 ms  DeleteObjects: 0.150200 ms)

========================================================================
Received Prepare
Registering precompiled user dll's ...
Registered in 0.002174 seconds.
Begin MonoManager ReloadAssembly
Native extension for WindowsStandalone target not found
Native extension for WebGL target not found
Refreshing native plugins compatible for Editor in 0.43 ms, found 1 plugins.
Preloading 0 native plugins for Editor in 0.00 ms.
Invoked RoslynAnalysisRunner static constructor.
RoslynAnalysisRunner will not be running.
RoslynAnalysisRunner has terminated.
Mono: successfully reloaded assembly
- Completed reload, in  0.992 seconds
Platform modules already initialized, skipping
Refreshing native plugins compatible for Editor in 0.42 ms, found 1 plugins.
Preloading 0 native plugins for Editor in 0.00 ms.
Unloading 1824 Unused Serialized files (Serialized files now loaded: 0)
System memory in use before: 89.5 MB.
System memory in use after: 89.5 MB.

Unloading 14 unused Assets to reduce memory usage. Loaded Objects now: 2411.
Total: 2.176400 ms (FindLiveObjects: 0.179600 ms CreateObjectMapping: 0.072000 ms MarkObjects: 1.819800 ms  DeleteObjects: 0.104000 ms)

========================================================================
Received Prepare
Registering precompiled user dll's ...
Registered in 0.002268 seconds.
Begin MonoManager ReloadAssembly
Native extension for WindowsStandalone target not found
Native extension for WebGL target not found
Refreshing native plugins compatible for Editor in 0.37 ms, found 1 plugins.
Preloading 0 native plugins for Editor in 0.00 ms.
Invoked RoslynAnalysisRunner static constructor.
RoslynAnalysisRunner will not be running.
RoslynAnalysisRunner has terminated.
Mono: successfully reloaded assembly
- Completed reload, in  0.996 seconds
Platform modules already initialized, skipping
Refreshing native plugins compatible for Editor in 0.37 ms, found 1 plugins.
Preloading 0 native plugins for Editor in 0.00 ms.
Unloading 1824 Unused Serialized files (Serialized files now loaded: 0)
System memory in use before: 89.5 MB.
System memory in use after: 89.5 MB.

Unloading 14 unused Assets to reduce memory usage. Loaded Objects now: 2415.
Total: 2.015200 ms (FindLiveObjects: 0.214100 ms CreateObjectMapping: 0.081800 ms MarkObjects: 1.570200 ms  DeleteObjects: 0.147700 ms)

========================================================================
Received Prepare
Registering precompiled user dll's ...
Registered in 0.002083 seconds.
Begin MonoManager ReloadAssembly
Native extension for WindowsStandalone target not found
Native extension for WebGL target not found
Refreshing native plugins compatible for Editor in 0.33 ms, found 1 plugins.
Preloading 0 native plugins for Editor in 0.00 ms.
Invoked RoslynAnalysisRunner static constructor.
RoslynAnalysisRunner will not be running.
RoslynAnalysisRunner has terminated.
Mono: successfully reloaded assembly
- Completed reload, in  0.984 seconds
Platform modules already initialized, skipping
Refreshing native plugins compatible for Editor in 0.35 ms, found 1 plugins.
Preloading 0 native plugins for Editor in 0.00 ms.
Unloading 1824 Unused Serialized files (Serialized files now loaded: 0)
System memory in use before: 89.5 MB.
System memory in use after: 89.5 MB.

Unloading 14 unused Assets to reduce memory usage. Loaded Objects now: 2419.
Total: 2.161600 ms (FindLiveObjects: 0.214600 ms CreateObjectMapping: 0.080700 ms MarkObjects: 1.757100 ms  DeleteObjects: 0.108400 ms)

========================================================================
Received Prepare
Registering precompiled user dll's ...
Registered in 0.001970 seconds.
Begin MonoManager ReloadAssembly
Native extension for WindowsStandalone target not found
Native extension for WebGL target not found
Refreshing native plugins compatible for Editor in 0.38 ms, found 1 plugins.
Preloading 0 native plugins for Editor in 0.00 ms.
Invoked RoslynAnalysisRunner static constructor.
RoslynAnalysisRunner will not be running.
RoslynAnalysisRunner has terminated.
Mono: successfully reloaded assembly
- Completed reload, in  1.014 seconds
Platform modules already initialized, skipping
Refreshing native plugins compatible for Editor in 0.38 ms, found 1 plugins.
Preloading 0 native plugins for Editor in 0.00 ms.
Unloading 1824 Unused Serialized files (Serialized files now loaded: 0)
System memory in use before: 89.6 MB.
System memory in use after: 89.5 MB.

Unloading 14 unused Assets to reduce memory usage. Loaded Objects now: 2423.
Total: 2.325400 ms (FindLiveObjects: 0.346900 ms CreateObjectMapping: 0.113200 ms MarkObjects: 1.744800 ms  DeleteObjects: 0.118800 ms)

========================================================================
Received Prepare
Registering precompiled user dll's ...
Registered in 0.002013 seconds.
Begin MonoManager ReloadAssembly
Native extension for WindowsStandalone target not found
Native extension for WebGL target not found
Refreshing native plugins compatible for Editor in 0.33 ms, found 1 plugins.
Preloading 0 native plugins for Editor in 0.00 ms.
Invoked RoslynAnalysisRunner static constructor.
RoslynAnalysisRunner will not be running.
RoslynAnalysisRunner has terminated.
Mono: successfully reloaded assembly
- Completed reload, in  0.922 seconds
Platform modules already initialized, skipping
Refreshing native plugins compatible for Editor in 0.36 ms, found 1 plugins.
Preloading 0 native plugins for Editor in 0.00 ms.
Unloading 1824 Unused Serialized files (Serialized files now loaded: 0)
System memory in use before: 89.6 MB.
System memory in use after: 89.6 MB.

Unloading 14 unused Assets to reduce memory usage. Loaded Objects now: 2427.
Total: 2.619900 ms (FindLiveObjects: 0.447300 ms CreateObjectMapping: 0.088200 ms MarkObjects: 1.965000 ms  DeleteObjects: 0.117700 ms)

========================================================================
Received Prepare
Registering precompiled user dll's ...
Registered in 0.002095 seconds.
Begin MonoManager ReloadAssembly
Native extension for WindowsStandalone target not found
Native extension for WebGL target not found
Refreshing native plugins compatible for Editor in 0.39 ms, found 1 plugins.
Preloading 0 native plugins for Editor in 0.00 ms.
Invoked RoslynAnalysisRunner static constructor.
RoslynAnalysisRunner will not be running.
RoslynAnalysisRunner has terminated.
Mono: successfully reloaded assembly
- Completed reload, in  1.045 seconds
Platform modules already initialized, skipping
Refreshing native plugins compatible for Editor in 0.38 ms, found 1 plugins.
Preloading 0 native plugins for Editor in 0.00 ms.
Unloading 1824 Unused Serialized files (Serialized files now loaded: 0)
System memory in use before: 89.6 MB.
System memory in use after: 89.6 MB.

Unloading 14 unused Assets to reduce memory usage. Loaded Objects now: 2431.
Total: 2.292900 ms (FindLiveObjects: 0.211400 ms CreateObjectMapping: 0.084000 ms MarkObjects: 1.860400 ms  DeleteObjects: 0.136200 ms)

========================================================================
Received Prepare
Registering precompiled user dll's ...
Registered in 0.002185 seconds.
Begin MonoManager ReloadAssembly
Native extension for WindowsStandalone target not found
Native extension for WebGL target not found
Refreshing native plugins compatible for Editor in 0.37 ms, found 1 plugins.
Preloading 0 native plugins for Editor in 0.00 ms.
Invoked RoslynAnalysisRunner static constructor.
RoslynAnalysisRunner will not be running.
RoslynAnalysisRunner has terminated.
Mono: successfully reloaded assembly
- Completed reload, in  0.969 seconds
Platform modules already initialized, skipping
Refreshing native plugins compatible for Editor in 0.46 ms, found 1 plugins.
Preloading 0 native plugins for Editor in 0.00 ms.
Unloading 1824 Unused Serialized files (Serialized files now loaded: 0)
System memory in use before: 89.6 MB.
System memory in use after: 89.6 MB.

Unloading 14 unused Assets to reduce memory usage. Loaded Objects now: 2435.
Total: 2.125300 ms (FindLiveObjects: 0.181900 ms CreateObjectMapping: 0.060500 ms MarkObjects: 1.751700 ms  DeleteObjects: 0.130100 ms)

========================================================================
Received Prepare
Registering precompiled user dll's ...
Registered in 0.002088 seconds.
Begin MonoManager ReloadAssembly
Native extension for WindowsStandalone target not found
Native extension for WebGL target not found
Refreshing native plugins compatible for Editor in 0.37 ms, found 1 plugins.
Preloading 0 native plugins for Editor in 0.00 ms.
Invoked RoslynAnalysisRunner static constructor.
RoslynAnalysisRunner will not be running.
RoslynAnalysisRunner has terminated.
Mono: successfully reloaded assembly
- Completed reload, in  1.030 seconds
Platform modules already initialized, skipping
Refreshing native plugins compatible for Editor in 0.38 ms, found 1 plugins.
Preloading 0 native plugins for Editor in 0.00 ms.
Unloading 1824 Unused Serialized files (Serialized files now loaded: 0)
System memory in use before: 89.6 MB.
System memory in use after: 89.6 MB.

Unloading 14 unused Assets to reduce memory usage. Loaded Objects now: 2439.
Total: 2.664100 ms (FindLiveObjects: 0.338000 ms CreateObjectMapping: 0.133100 ms MarkObjects: 2.070300 ms  DeleteObjects: 0.121200 ms)

========================================================================
Received Prepare
Registering precompiled user dll's ...
Registered in 0.002018 seconds.
Begin MonoManager ReloadAssembly
Native extension for WindowsStandalone target not found
Native extension for WebGL target not found
Refreshing native plugins compatible for Editor in 0.37 ms, found 1 plugins.
Preloading 0 native plugins for Editor in 0.00 ms.
Invoked RoslynAnalysisRunner static constructor.
RoslynAnalysisRunner will not be running.
RoslynAnalysisRunner has terminated.
Mono: successfully reloaded assembly
- Completed reload, in  0.942 seconds
Platform modules already initialized, skipping
Refreshing native plugins compatible for Editor in 0.37 ms, found 1 plugins.
Preloading 0 native plugins for Editor in 0.00 ms.
Unloading 1824 Unused Serialized files (Serialized files now loaded: 0)
System memory in use before: 89.6 MB.
System memory in use after: 89.6 MB.

Unloading 14 unused Assets to reduce memory usage. Loaded Objects now: 2443.
Total: 3.715400 ms (FindLiveObjects: 0.354100 ms CreateObjectMapping: 0.152900 ms MarkObjects: 3.051600 ms  DeleteObjects: 0.154900 ms)

AssetImportWorkerClient::OnTransportError - code=2 error=End of file
